{
  "RSpec": {
    "coverage": {
      "/Users/student/Desktop/Projects/Week_9/Bank-tech-test/spec/account_spec.rb": [
        1,
        null,
        1,
        1,
        1,
        1,
        null,
        null,
        null,
        1,
        3,
        null,
        1,
        1,
        1,
        null,
        1,
        1,
        1,
        null,
        null,
        null,
        1,
        1,
        1,
        1,
        1,
        1,
        null,
        1,
        1,
        1,
        1,
        1,
        null,
        null,
        null
      ],
      "/Users/student/Desktop/Projects/Week_9/Bank-tech-test/lib/account.rb": [
        1,
        1,
        null,
        1,
        7,
        7,
        null,
        null,
        1,
        6,
        6,
        null,
        null,
        1,
        3,
        3,
        null,
        null
      ],
      "/Users/student/Desktop/Projects/Week_9/Bank-tech-test/spec/features/make_a_deposit_spec.rb": [
        1,
        null,
        1,
        1,
        1,
        1,
        1,
        1,
        null,
        null
      ],
      "/Users/student/Desktop/Projects/Week_9/Bank-tech-test/spec/features/make_a_withdrawal_spec.rb": [
        1,
        null,
        1,
        1,
        1,
        1,
        1,
        1,
        1,
        null,
        null
      ],
      "/Users/student/Desktop/Projects/Week_9/Bank-tech-test/spec/transactions_spec.rb": [
        1,
        null,
        1,
        1,
        1,
        1,
        1,
        1,
        1,
        null,
        null,
        null,
        1,
        1,
        1,
        1,
        1,
        1,
        null,
        null,
        null
      ],
      "/Users/student/Desktop/Projects/Week_9/Bank-tech-test/lib/transactions.rb": [
        1,
        1,
        null,
        1,
        9,
        null,
        null,
        1,
        7,
        7,
        null,
        null,
        1,
        4,
        4,
        null,
        null
      ]
    },
    "timestamp": 1559581064
  }
}
