{
  "RSpec": {
    "coverage": {
      "/Users/student/Desktop/Projects/Week_9/Bank-tech-test/spec/account_spec.rb": [
        1,
        null,
        1,
        1,
        1,
        1,
        null,
        null,
        null,
        1,
        3,
        null,
        1,
        1,
        1,
        1,
        null,
        1,
        1,
        1,
        null,
        null,
        null,
        null,
        null,
        1,
        1,
        1,
        1,
        1,
        1,
        null,
        1,
        1,
        1,
        1,
        1,
        null,
        null,
        null,
        null,
        null,
        null
      ],
      "/Users/student/Desktop/Projects/Week_9/Bank-tech-test/lib/account.rb": [
        1,
        1,
        null,
        1,
        1,
        null,
        1,
        11,
        11,
        11,
        null,
        null,
        1,
        14,
        14,
        null,
        null,
        1,
        5,
        5,
        null,
        null
      ],
      "/Users/student/Desktop/Projects/Week_9/Bank-tech-test/lib/transactions.rb": [
        1,
        1,
        null,
        1,
        13,
        null,
        null,
        1,
        15,
        15,
        null,
        null,
        1,
        6,
        6,
        null,
        null,
        1,
        42,
        null,
        null
      ],
      "/Users/student/Desktop/Projects/Week_9/Bank-tech-test/lib/display.rb": [
        1,
        1,
        8,
        8,
        16,
        null,
        null,
        8,
        null,
        null
      ],
      "/Users/student/Desktop/Projects/Week_9/Bank-tech-test/spec/display_spec.rb": [
        1,
        null,
        1,
        1,
        3,
        null,
        1,
        1,
        null,
        null,
        2,
        null,
        null,
        null,
        1,
        null,
        1,
        1,
        null,
        null,
        null,
        null,
        2,
        null,
        null,
        null,
        null,
        null,
        1,
        null,
        null,
        null
      ],
      "/Users/student/Desktop/Projects/Week_9/Bank-tech-test/spec/features/make_a_withdrawal_spec.rb": [
        1,
        null,
        1,
        3,
        1,
        2,
        2,
        null,
        null,
        1,
        1,
        null,
        null,
        1,
        1,
        null,
        null,
        null,
        null,
        null
      ],
      "/Users/student/Desktop/Projects/Week_9/Bank-tech-test/spec/features/make_deposits_spec.rb": [
        1,
        null,
        1,
        3,
        1,
        2,
        2,
        null,
        null,
        1,
        1,
        null,
        null,
        1,
        1,
        null,
        null,
        null,
        null,
        null
      ],
      "/Users/student/Desktop/Projects/Week_9/Bank-tech-test/spec/features/print_statements_spec.rb": [
        1,
        null,
        1,
        1,
        1,
        1,
        2,
        null,
        null,
        null,
        1,
        null,
        1,
        1,
        1,
        1,
        1,
        2,
        null,
        null,
        null,
        null,
        null,
        1,
        null,
        null
      ],
      "/Users/student/Desktop/Projects/Week_9/Bank-tech-test/spec/transactions_spec.rb": [
        1,
        null,
        1,
        1,
        1,
        1,
        1,
        1,
        1,
        null,
        null,
        null,
        null,
        null,
        1,
        1,
        1,
        1,
        1,
        1,
        null,
        null,
        null,
        null,
        null
      ]
    },
    "timestamp": 1559652887
  }
}
